Performing C SOURCE FILE Test CMAKE_HAVE_LIBC_PTHREAD failed with the following output:
Change Dir: /home/02/levickii/cg/lab5/build/CMakeFiles/CMakeTmp

Run Build Command(s):/usr/bin/gmake cmTC_119e1/fast && gmake: Предупреждение: время изменения файла «Makefile» находится в будущем (2,7)
/usr/bin/gmake -f CMakeFiles/cmTC_119e1.dir/build.make CMakeFiles/cmTC_119e1.dir/build
gmake[1]: вход в каталог «/home/02/levickii/cg/lab5/build/CMakeFiles/CMakeTmp»
gmake[1]: Предупреждение: время изменения файла «CMakeFiles/cmTC_119e1.dir/flags.make» находится в будущем (2,6)
Building C object CMakeFiles/cmTC_119e1.dir/src.c.o
/usr/bin/cc   -DCMAKE_HAVE_LIBC_PTHREAD   -o CMakeFiles/cmTC_119e1.dir/src.c.o   -c /home/02/levickii/cg/lab5/build/CMakeFiles/CMakeTmp/src.c
Linking C executable cmTC_119e1
/usr/bin/cmake -E cmake_link_script CMakeFiles/cmTC_119e1.dir/link.txt --verbose=1
/usr/bin/cc  -DCMAKE_HAVE_LIBC_PTHREAD    CMakeFiles/cmTC_119e1.dir/src.c.o  -o cmTC_119e1 
/usr/lib64/gcc/x86_64-suse-linux/7/../../../../x86_64-suse-linux/bin/ld: CMakeFiles/cmTC_119e1.dir/src.c.o: в функции «main»:
src.c:(.text+0x2d): неопределённая ссылка на «pthread_create»
/usr/lib64/gcc/x86_64-suse-linux/7/../../../../x86_64-suse-linux/bin/ld: src.c:(.text+0x39): неопределённая ссылка на «pthread_detach»
/usr/lib64/gcc/x86_64-suse-linux/7/../../../../x86_64-suse-linux/bin/ld: src.c:(.text+0x45): неопределённая ссылка на «pthread_cancel»
/usr/lib64/gcc/x86_64-suse-linux/7/../../../../x86_64-suse-linux/bin/ld: src.c:(.text+0x56): неопределённая ссылка на «pthread_join»
collect2: ошибка: выполнение ld завершилось с кодом возврата 1
gmake[1]: *** [CMakeFiles/cmTC_119e1.dir/build.make:104: cmTC_119e1] Ошибка 1
gmake[1]: выход из каталога «/home/02/levickii/cg/lab5/build/CMakeFiles/CMakeTmp»
gmake: *** [Makefile:138: cmTC_119e1/fast] Ошибка 2


Source file was:
#include <pthread.h>

void* test_func(void* data)
{
  return data;
}

int main(void)
{
  pthread_t thread;
  pthread_create(&thread, NULL, test_func, NULL);
  pthread_detach(thread);
  pthread_cancel(thread);
  pthread_join(thread, NULL);
  pthread_atfork(NULL, NULL, NULL);
  pthread_exit(NULL);

  return 0;
}

Determining if the function pthread_create exists in the pthreads failed with the following output:
Change Dir: /home/02/levickii/cg/lab5/build/CMakeFiles/CMakeTmp

Run Build Command(s):/usr/bin/gmake cmTC_48c10/fast && gmake: Предупреждение: время изменения файла «Makefile» находится в будущем (2,6)
/usr/bin/gmake -f CMakeFiles/cmTC_48c10.dir/build.make CMakeFiles/cmTC_48c10.dir/build
gmake[1]: вход в каталог «/home/02/levickii/cg/lab5/build/CMakeFiles/CMakeTmp»
gmake[1]: Предупреждение: время изменения файла «CMakeFiles/cmTC_48c10.dir/flags.make» находится в будущем (2,6)
Building C object CMakeFiles/cmTC_48c10.dir/CheckFunctionExists.c.o
/usr/bin/cc   -DCHECK_FUNCTION_EXISTS=pthread_create   -o CMakeFiles/cmTC_48c10.dir/CheckFunctionExists.c.o   -c /usr/share/cmake/Modules/CheckFunctionExists.c
Linking C executable cmTC_48c10
/usr/bin/cmake -E cmake_link_script CMakeFiles/cmTC_48c10.dir/link.txt --verbose=1
/usr/bin/cc  -DCHECK_FUNCTION_EXISTS=pthread_create    CMakeFiles/cmTC_48c10.dir/CheckFunctionExists.c.o  -o cmTC_48c10  -lpthreads 
/usr/lib64/gcc/x86_64-suse-linux/7/../../../../x86_64-suse-linux/bin/ld: невозможно найти -lpthreads
collect2: ошибка: выполнение ld завершилось с кодом возврата 1
gmake[1]: *** [CMakeFiles/cmTC_48c10.dir/build.make:104: cmTC_48c10] Ошибка 1
gmake[1]: выход из каталога «/home/02/levickii/cg/lab5/build/CMakeFiles/CMakeTmp»
gmake: *** [Makefile:138: cmTC_48c10/fast] Ошибка 2



